<?xml version="1.0" encoding="UTF-8"?>
<!-- Generated by org.testng.reporters.JUnitReportReporter -->
<testsuite skipped="0" hostname="DESKTOP-AL2CIG6" name="PracticeProject.ValidateNavbar" tests="1" failures="0" timestamp="2021-04-12T17:13:55 BDT" time="0.179" errors="0">
  <testcase name="BasepageNavbar" time="0.179" classname="PracticeProject.ValidateNavbar"/>
  <system-out/>
</testsuite> <!-- PracticeProject.ValidateNavbar -->
