<?xml version="1.0" encoding="UTF-8"?>
<!-- Generated by org.testng.reporters.JUnitReportReporter -->
<testsuite skipped="0" hostname="DESKTOP-AL2CIG6" name="PracticeProject.HomePage" tests="2" failures="0" timestamp="2021-04-12T17:13:55 BDT" time="53.312" errors="0">
  <testcase name="basePageNavigation" time="18.411" classname="PracticeProject.HomePage"/>
  <system-out/>
  <testcase name="basePageNavigation" time="34.901" classname="PracticeProject.HomePage"/>
  <system-out/>
</testsuite> <!-- PracticeProject.HomePage -->
