<?xml version="1.0" encoding="UTF-8"?>
<!-- Generated by org.testng.reporters.JUnitReportReporter -->
<testsuite skipped="0" hostname="DESKTOP-AL2CIG6" name="PracticeProject.ValidateTitle" tests="1" failures="0" timestamp="09 Apr 2021 11:48:17 GMT" time="0.165" errors="0">
  <testcase name="basePageNavigation" time="0.165" classname="PracticeProject.ValidateTitle"/>
</testsuite> <!-- PracticeProject.ValidateTitle -->
