<?xml version="1.0" encoding="UTF-8"?>
<!-- Generated by org.testng.reporters.JUnitReportReporter -->
<testsuite skipped="0" hostname="DESKTOP-AL2CIG6" name="PracticeProject.HomePage" tests="2" failures="0" timestamp="2021-04-12T16:42:59 BDT" time="27.211" errors="0">
  <testcase name="basePageNavigation" time="20.242" classname="PracticeProject.HomePage"/>
  <system-out/>
  <testcase name="basePageNavigation" time="6.969" classname="PracticeProject.HomePage"/>
  <system-out/>
</testsuite> <!-- PracticeProject.HomePage -->
